# JRE version: OpenJDK Runtime Environment (21.0.6) (build 21.0.6+-13391695-b895.109)
# Java VM: OpenJDK 64-Bit Server VM (21.0.6+-13391695-b895.109, mixed mode, tiered, compressed oops, compressed class ptrs, g1 gc, windows-amd64)
GC Precious Log:
 CardTable entry size: 512
 Card Set container configuration: InlinePtr #cards 5 size 8 Array Of Cards #cards 12 size 40 Howl #buckets 4 coarsen threshold 1843 Howl Bitmap #cards 512 size 80 coarsen threshold 460 Card regions per heap region 1 cards per card region 2048
 CPUs: 22 total, 22 available
 Memory: 32283M
 Large Page Support: Disabled
 NUMA Support: Disabled
 Compressed Oops: Enabled (32-bit)
 Heap Region Size: 1M
 Heap Min Capacity: 8M
 Heap Initial Capacity: 506M
 Heap Max Capacity: 2G
 Pre-touch: Disabled
 Parallel Workers: 16
 Concurrent Workers: 4
 Concurrent Refinement Workers: 16
 Periodic GC: Disabled
Heap:
 garbage-first heap   total 268288K, used 190663K [0x0000000080000000, 0x0000000100000000)
  region size 1024K, 33 young (33792K), 4 survivors (4096K)
 Metaspace       used 114565K, committed 116864K, reserved 1179648K
  class space    used 15510K, committed 16640K, reserved 1048576K
GC Heap History (20 events):
Event: 3.794 GC heap before
{Heap before GC invocations=11 (full 0):
 garbage-first heap   total 306176K, used 220464K [0x0000000080000000, 0x0000000100000000)
  region size 1024K, 150 young (153600K), 1 survivors (1024K)
 Metaspace       used 58594K, committed 60160K, reserved 1114112K
  class space    used 8049K, committed 8832K, reserved 1048576K
}
Event: 3.800 GC heap after
{Heap after GC invocations=12 (full 0):
 garbage-first heap   total 306176K, used 76957K [0x0000000080000000, 0x0000000100000000)
  region size 1024K, 13 young (13312K), 13 survivors (13312K)
 Metaspace       used 58594K, committed 60160K, reserved 1114112K
  class space    used 8049K, committed 8832K, reserved 1048576K
}
Event: 4.266 GC heap before
{Heap before GC invocations=13 (full 0):
 garbage-first heap   total 260096K, used 219293K [0x0000000080000000, 0x0000000100000000)
  region size 1024K, 152 young (155648K), 13 survivors (13312K)
 Metaspace       used 60507K, committed 62016K, reserved 1114112K
  class space    used 8309K, committed 9024K, reserved 1048576K
}
Event: 4.271 GC heap after
{Heap after GC invocations=14 (full 0):
 garbage-first heap   total 260096K, used 81859K [0x0000000080000000, 0x0000000100000000)
  region size 1024K, 6 young (6144K), 6 survivors (6144K)
 Metaspace       used 60507K, committed 62016K, reserved 1114112K
  class space    used 8309K, committed 9024K, reserved 1048576K
}
Event: 5.250 GC heap before
{Heap before GC invocations=14 (full 0):
 garbage-first heap   total 260096K, used 238531K [0x0000000080000000, 0x0000000100000000)
  region size 1024K, 144 young (147456K), 6 survivors (6144K)
 Metaspace       used 66956K, committed 68608K, reserved 1114112K
  class space    used 8952K, committed 9792K, reserved 1048576K
}
Event: 5.254 GC heap after
{Heap after GC invocations=15 (full 0):
 garbage-first heap   total 260096K, used 104570K [0x0000000080000000, 0x0000000100000000)
  region size 1024K, 13 young (13312K), 13 survivors (13312K)
 Metaspace       used 66956K, committed 68608K, reserved 1114112K
  class space    used 8952K, committed 9792K, reserved 1048576K
}
Event: 6.245 GC heap before
{Heap before GC invocations=15 (full 0):
 garbage-first heap   total 260096K, used 231546K [0x0000000080000000, 0x0000000100000000)
  region size 1024K, 137 young (140288K), 13 survivors (13312K)
 Metaspace       used 80445K, committed 82304K, reserved 1179648K
  class space    used 10961K, committed 11904K, reserved 1048576K
}
Event: 6.250 GC heap after
{Heap after GC invocations=16 (full 0):
 garbage-first heap   total 260096K, used 111644K [0x0000000080000000, 0x0000000100000000)
  region size 1024K, 15 young (15360K), 15 survivors (15360K)
 Metaspace       used 80445K, committed 82304K, reserved 1179648K
  class space    used 10961K, committed 11904K, reserved 1048576K
}
Event: 6.542 GC heap before
{Heap before GC invocations=16 (full 0):
 garbage-first heap   total 260096K, used 228380K [0x0000000080000000, 0x0000000100000000)
  region size 1024K, 130 young (133120K), 15 survivors (15360K)
 Metaspace       used 81396K, committed 83264K, reserved 1179648K
  class space    used 10985K, committed 11904K, reserved 1048576K
}
Event: 6.547 GC heap after
{Heap after GC invocations=17 (full 0):
 garbage-first heap   total 260096K, used 116271K [0x0000000080000000, 0x0000000100000000)
  region size 1024K, 14 young (14336K), 14 survivors (14336K)
 Metaspace       used 81396K, committed 83264K, reserved 1179648K
  class space    used 10985K, committed 11904K, reserved 1048576K
}
Event: 7.041 GC heap before
{Heap before GC invocations=18 (full 0):
 garbage-first heap   total 260096K, used 243247K [0x0000000080000000, 0x0000000100000000)
  region size 1024K, 125 young (128000K), 14 survivors (14336K)
 Metaspace       used 85200K, committed 87104K, reserved 1179648K
  class space    used 11452K, committed 12416K, reserved 1048576K
}
Event: 7.046 GC heap after
{Heap after GC invocations=19 (full 0):
 garbage-first heap   total 268288K, used 139023K [0x0000000080000000, 0x0000000100000000)
  region size 1024K, 16 young (16384K), 16 survivors (16384K)
 Metaspace       used 85200K, committed 87104K, reserved 1179648K
  class space    used 11452K, committed 12416K, reserved 1048576K
}
Event: 7.734 GC heap before
{Heap before GC invocations=19 (full 0):
 garbage-first heap   total 268288K, used 242447K [0x0000000080000000, 0x0000000100000000)
  region size 1024K, 112 young (114688K), 16 survivors (16384K)
 Metaspace       used 93918K, committed 96000K, reserved 1179648K
  class space    used 12568K, committed 13568K, reserved 1048576K
}
Event: 7.739 GC heap after
{Heap after GC invocations=20 (full 0):
 garbage-first heap   total 268288K, used 146952K [0x0000000080000000, 0x0000000100000000)
  region size 1024K, 8 young (8192K), 8 survivors (8192K)
 Metaspace       used 93918K, committed 96000K, reserved 1179648K
  class space    used 12568K, committed 13568K, reserved 1048576K
}
Event: 8.361 GC heap before
{Heap before GC invocations=20 (full 0):
 garbage-first heap   total 268288K, used 238088K [0x0000000080000000, 0x0000000100000000)
  region size 1024K, 98 young (100352K), 8 survivors (8192K)
 Metaspace       used 102063K, committed 104128K, reserved 1179648K
  class space    used 13606K, committed 14656K, reserved 1048576K
}
Event: 8.365 GC heap after
{Heap after GC invocations=21 (full 0):
 garbage-first heap   total 268288K, used 151007K [0x0000000080000000, 0x0000000100000000)
  region size 1024K, 5 young (5120K), 5 survivors (5120K)
 Metaspace       used 102063K, committed 104128K, reserved 1179648K
  class space    used 13606K, committed 14656K, reserved 1048576K
}
Event: 8.889 GC heap before
{Heap before GC invocations=22 (full 0):
 garbage-first heap   total 268288K, used 250335K [0x0000000080000000, 0x0000000100000000)
  region size 1024K, 98 young (100352K), 5 survivors (5120K)
 Metaspace       used 106552K, committed 108800K, reserved 1179648K
  class space    used 14248K, committed 15360K, reserved 1048576K
}
Event: 8.893 GC heap after
{Heap after GC invocations=23 (full 0):
 garbage-first heap   total 268288K, used 161586K [0x0000000080000000, 0x0000000100000000)
  region size 1024K, 12 young (12288K), 12 survivors (12288K)
 Metaspace       used 106552K, committed 108800K, reserved 1179648K
  class space    used 14248K, committed 15360K, reserved 1048576K
}
Event: 9.382 GC heap before
{Heap before GC invocations=23 (full 0):
 garbage-first heap   total 268288K, used 240434K [0x0000000080000000, 0x0000000100000000)
  region size 1024K, 89 young (91136K), 12 survivors (12288K)
 Metaspace       used 112466K, committed 114816K, reserved 1179648K
  class space    used 15222K, committed 16384K, reserved 1048576K
}
Event: 9.387 GC heap after
{Heap after GC invocations=24 (full 0):
 garbage-first heap   total 268288K, used 161991K [0x0000000080000000, 0x0000000100000000)
  region size 1024K, 4 young (4096K), 4 survivors (4096K)
 Metaspace       used 112466K, committed 114816K, reserved 1179648K
  class space    used 15222K, committed 16384K, reserved 1048576K
}

